<?xml version="1.0" encoding="UTF-8"?>
<coverage generated="1567744954862" clover="3.2.0">
  <project timestamp="1567744954862" name="All files">
    <metrics statements="18" coveredstatements="15" conditionals="0" coveredconditionals="0" methods="13" coveredmethods="10" elements="31" coveredelements="25" complexity="0" loc="18" ncloc="18" packages="2" files="2" classes="2"/>
    <package name="Api">
      <metrics statements="15" coveredstatements="12" conditionals="0" coveredconditionals="0" methods="12" coveredmethods="9"/>
      <file name="ApiCalls.js" path="/Users/colbyallen/Turing/mod-4/projects/garden-pi/garden_pi_fe/Api/ApiCalls.js">
        <metrics statements="15" coveredstatements="12" conditionals="0" coveredconditionals="0" methods="12" coveredmethods="9"/>
        <line num="5" count="1" type="stmt"/>
        <line num="6" count="2" type="stmt"/>
        <line num="7" count="2" type="stmt"/>
        <line num="8" count="2" type="stmt"/>
        <line num="9" count="0" type="stmt"/>
        <line num="12" count="1" type="stmt"/>
        <line num="13" count="2" type="stmt"/>
        <line num="14" count="2" type="stmt"/>
        <line num="15" count="2" type="stmt"/>
        <line num="16" count="0" type="stmt"/>
        <line num="19" count="1" type="stmt"/>
        <line num="20" count="2" type="stmt"/>
        <line num="21" count="2" type="stmt"/>
        <line num="22" count="2" type="stmt"/>
        <line num="23" count="0" type="stmt"/>
      </file>
    </package>
    <package name="components">
      <metrics statements="3" coveredstatements="3" conditionals="0" coveredconditionals="0" methods="1" coveredmethods="1"/>
      <file name="Header.js" path="/Users/colbyallen/Turing/mod-4/projects/garden-pi/garden_pi_fe/components/Header.js">
        <metrics statements="3" coveredstatements="3" conditionals="0" coveredconditionals="0" methods="1" coveredmethods="1"/>
        <line num="5" count="1" type="stmt"/>
        <line num="6" count="1" type="stmt"/>
        <line num="17" count="1" type="stmt"/>
      </file>
    </package>
  </project>
</coverage>
