<?xml version="1.0" encoding="UTF-8"?>
<coverage generated="1568180844247" clover="3.2.0">
  <project timestamp="1568180844247" name="All files">
    <metrics statements="27" coveredstatements="23" conditionals="0" coveredconditionals="0" methods="19" coveredmethods="15" elements="46" coveredelements="38" complexity="0" loc="27" ncloc="27" packages="5" files="9" classes="9"/>
    <package name="Api">
      <metrics statements="19" coveredstatements="15" conditionals="0" coveredconditionals="0" methods="15" coveredmethods="11"/>
      <file name="ApiCalls.js" path="/Users/colbyallen/Turing/mod-4/projects/garden-pi/garden_pi_fe/Api/ApiCalls.js">
        <metrics statements="19" coveredstatements="15" conditionals="0" coveredconditionals="0" methods="15" coveredmethods="11"/>
        <line num="5" count="1" type="stmt"/>
        <line num="6" count="2" type="stmt"/>
        <line num="7" count="2" type="stmt"/>
        <line num="8" count="2" type="stmt"/>
        <line num="9" count="0" type="stmt"/>
        <line num="12" count="1" type="stmt"/>
        <line num="13" count="2" type="stmt"/>
        <line num="14" count="2" type="stmt"/>
        <line num="15" count="2" type="stmt"/>
        <line num="16" count="0" type="stmt"/>
        <line num="19" count="1" type="stmt"/>
        <line num="20" count="2" type="stmt"/>
        <line num="21" count="2" type="stmt"/>
        <line num="22" count="2" type="stmt"/>
        <line num="23" count="0" type="stmt"/>
        <line num="26" count="1" type="stmt"/>
        <line num="27" count="2" type="stmt"/>
        <line num="34" count="2" type="stmt"/>
        <line num="35" count="0" type="stmt"/>
      </file>
    </package>
    <package name="components.CurrentWeather">
      <metrics statements="2" coveredstatements="2" conditionals="0" coveredconditionals="0" methods="1" coveredmethods="1"/>
      <file name="index.js" path="/Users/colbyallen/Turing/mod-4/projects/garden-pi/garden_pi_fe/components/CurrentWeather/index.js">
        <metrics statements="2" coveredstatements="2" conditionals="0" coveredconditionals="0" methods="1" coveredmethods="1"/>
        <line num="6" count="1" type="stmt"/>
        <line num="13" count="1" type="stmt"/>
      </file>
      <file name="styles.js" path="/Users/colbyallen/Turing/mod-4/projects/garden-pi/garden_pi_fe/components/CurrentWeather/styles.js">
        <metrics statements="0" coveredstatements="0" conditionals="0" coveredconditionals="0" methods="0" coveredmethods="0"/>
      </file>
    </package>
    <package name="components.DataCircle">
      <metrics statements="2" coveredstatements="2" conditionals="0" coveredconditionals="0" methods="1" coveredmethods="1"/>
      <file name="Style.js" path="/Users/colbyallen/Turing/mod-4/projects/garden-pi/garden_pi_fe/components/DataCircle/Style.js">
        <metrics statements="0" coveredstatements="0" conditionals="0" coveredconditionals="0" methods="0" coveredmethods="0"/>
      </file>
      <file name="index.js" path="/Users/colbyallen/Turing/mod-4/projects/garden-pi/garden_pi_fe/components/DataCircle/index.js">
        <metrics statements="2" coveredstatements="2" conditionals="0" coveredconditionals="0" methods="1" coveredmethods="1"/>
        <line num="6" count="1" type="stmt"/>
        <line num="7" count="1" type="stmt"/>
      </file>
    </package>
    <package name="components.Header">
      <metrics statements="2" coveredstatements="2" conditionals="0" coveredconditionals="0" methods="1" coveredmethods="1"/>
      <file name="index.js" path="/Users/colbyallen/Turing/mod-4/projects/garden-pi/garden_pi_fe/components/Header/index.js">
        <metrics statements="2" coveredstatements="2" conditionals="0" coveredconditionals="0" methods="1" coveredmethods="1"/>
        <line num="5" count="1" type="stmt"/>
        <line num="6" count="1" type="stmt"/>
      </file>
      <file name="styles.js" path="/Users/colbyallen/Turing/mod-4/projects/garden-pi/garden_pi_fe/components/Header/styles.js">
        <metrics statements="0" coveredstatements="0" conditionals="0" coveredconditionals="0" methods="0" coveredmethods="0"/>
      </file>
    </package>
    <package name="components.WeatherBox">
      <metrics statements="2" coveredstatements="2" conditionals="0" coveredconditionals="0" methods="1" coveredmethods="1"/>
      <file name="index.js" path="/Users/colbyallen/Turing/mod-4/projects/garden-pi/garden_pi_fe/components/WeatherBox/index.js">
        <metrics statements="2" coveredstatements="2" conditionals="0" coveredconditionals="0" methods="1" coveredmethods="1"/>
        <line num="5" count="1" type="stmt"/>
        <line num="6" count="1" type="stmt"/>
      </file>
      <file name="styles.js" path="/Users/colbyallen/Turing/mod-4/projects/garden-pi/garden_pi_fe/components/WeatherBox/styles.js">
        <metrics statements="0" coveredstatements="0" conditionals="0" coveredconditionals="0" methods="0" coveredmethods="0"/>
      </file>
    </package>
  </project>
</coverage>
