{"/Users/colbyallen/Turing/mod-4/projects/garden-pi/garden_pi_fe/Api/ApiCalls.js": {"path":"/Users/colbyallen/Turing/mod-4/projects/garden-pi/garden_pi_fe/Api/ApiCalls.js","statementMap":{"0":{"start":{"line":5,"column":28},"end":{"line":10,"column":1}},"1":{"start":{"line":6,"column":2},"end":{"line":9,"column":32}},"2":{"start":{"line":7,"column":15},"end":{"line":7,"column":25}},"3":{"start":{"line":8,"column":15},"end":{"line":8,"column":18}},"4":{"start":{"line":9,"column":18},"end":{"line":9,"column":31}},"5":{"start":{"line":12,"column":27},"end":{"line":17,"column":1}},"6":{"start":{"line":13,"column":2},"end":{"line":16,"column":32}},"7":{"start":{"line":14,"column":15},"end":{"line":14,"column":25}},"8":{"start":{"line":15,"column":15},"end":{"line":15,"column":18}},"9":{"start":{"line":16,"column":18},"end":{"line":16,"column":31}},"10":{"start":{"line":19,"column":30},"end":{"line":24,"column":1}},"11":{"start":{"line":20,"column":2},"end":{"line":23,"column":32}},"12":{"start":{"line":21,"column":15},"end":{"line":21,"column":25}},"13":{"start":{"line":22,"column":15},"end":{"line":22,"column":18}},"14":{"start":{"line":23,"column":18},"end":{"line":23,"column":31}}},"fnMap":{"0":{"name":"(anonymous_0)","decl":{"start":{"line":5,"column":28},"end":{"line":5,"column":29}},"loc":{"start":{"line":5,"column":34},"end":{"line":10,"column":1}},"line":5},"1":{"name":"(anonymous_1)","decl":{"start":{"line":7,"column":8},"end":{"line":7,"column":9}},"loc":{"start":{"line":7,"column":15},"end":{"line":7,"column":25}},"line":7},"2":{"name":"(anonymous_2)","decl":{"start":{"line":8,"column":8},"end":{"line":8,"column":9}},"loc":{"start":{"line":8,"column":15},"end":{"line":8,"column":18}},"line":8},"3":{"name":"(anonymous_3)","decl":{"start":{"line":9,"column":9},"end":{"line":9,"column":10}},"loc":{"start":{"line":9,"column":18},"end":{"line":9,"column":31}},"line":9},"4":{"name":"(anonymous_4)","decl":{"start":{"line":12,"column":27},"end":{"line":12,"column":28}},"loc":{"start":{"line":12,"column":33},"end":{"line":17,"column":1}},"line":12},"5":{"name":"(anonymous_5)","decl":{"start":{"line":14,"column":8},"end":{"line":14,"column":9}},"loc":{"start":{"line":14,"column":15},"end":{"line":14,"column":25}},"line":14},"6":{"name":"(anonymous_6)","decl":{"start":{"line":15,"column":8},"end":{"line":15,"column":9}},"loc":{"start":{"line":15,"column":15},"end":{"line":15,"column":18}},"line":15},"7":{"name":"(anonymous_7)","decl":{"start":{"line":16,"column":9},"end":{"line":16,"column":10}},"loc":{"start":{"line":16,"column":18},"end":{"line":16,"column":31}},"line":16},"8":{"name":"(anonymous_8)","decl":{"start":{"line":19,"column":30},"end":{"line":19,"column":31}},"loc":{"start":{"line":19,"column":36},"end":{"line":24,"column":1}},"line":19},"9":{"name":"(anonymous_9)","decl":{"start":{"line":21,"column":8},"end":{"line":21,"column":9}},"loc":{"start":{"line":21,"column":15},"end":{"line":21,"column":25}},"line":21},"10":{"name":"(anonymous_10)","decl":{"start":{"line":22,"column":8},"end":{"line":22,"column":9}},"loc":{"start":{"line":22,"column":15},"end":{"line":22,"column":18}},"line":22},"11":{"name":"(anonymous_11)","decl":{"start":{"line":23,"column":9},"end":{"line":23,"column":10}},"loc":{"start":{"line":23,"column":18},"end":{"line":23,"column":31}},"line":23}},"branchMap":{},"s":{"0":1,"1":2,"2":2,"3":2,"4":0,"5":1,"6":2,"7":2,"8":2,"9":0,"10":1,"11":2,"12":2,"13":2,"14":0},"f":{"0":2,"1":2,"2":2,"3":0,"4":2,"5":2,"6":2,"7":0,"8":2,"9":2,"10":2,"11":0},"b":{},"_coverageSchema":"43e27e138ebf9cfc5966b082cf9a028302ed4184","hash":"e8ddfca96b33aa0849ecfa9a1ae05b52ad85e763"}
,"/Users/colbyallen/Turing/mod-4/projects/garden-pi/garden_pi_fe/components/Header.js": {"path":"/Users/colbyallen/Turing/mod-4/projects/garden-pi/garden_pi_fe/components/Header.js","statementMap":{"0":{"start":{"line":5,"column":15},"end":{"line":15,"column":1}},"1":{"start":{"line":6,"column":2},"end":{"line":14,"column":9}},"2":{"start":{"line":17,"column":15},"end":{"line":24,"column":2}}},"fnMap":{"0":{"name":"(anonymous_0)","decl":{"start":{"line":5,"column":15},"end":{"line":5,"column":16}},"loc":{"start":{"line":6,"column":2},"end":{"line":14,"column":9}},"line":6}},"branchMap":{},"s":{"0":1,"1":1,"2":1},"f":{"0":1},"b":{},"_coverageSchema":"43e27e138ebf9cfc5966b082cf9a028302ed4184","hash":"2dafeaeff44dc7a9944ef5bf12d6b21da0ccb28b"}
}
