{"/Users/colbyallen/Turing/mod-4/projects/garden-pi/garden_pi_fe/Api/ApiCalls.js": {"path":"/Users/colbyallen/Turing/mod-4/projects/garden-pi/garden_pi_fe/Api/ApiCalls.js","statementMap":{"0":{"start":{"line":5,"column":28},"end":{"line":10,"column":1}},"1":{"start":{"line":6,"column":2},"end":{"line":9,"column":32}},"2":{"start":{"line":7,"column":15},"end":{"line":7,"column":25}},"3":{"start":{"line":8,"column":15},"end":{"line":8,"column":18}},"4":{"start":{"line":9,"column":18},"end":{"line":9,"column":31}},"5":{"start":{"line":12,"column":27},"end":{"line":17,"column":1}},"6":{"start":{"line":13,"column":2},"end":{"line":16,"column":32}},"7":{"start":{"line":14,"column":15},"end":{"line":14,"column":25}},"8":{"start":{"line":15,"column":15},"end":{"line":15,"column":18}},"9":{"start":{"line":16,"column":18},"end":{"line":16,"column":31}},"10":{"start":{"line":19,"column":30},"end":{"line":24,"column":1}},"11":{"start":{"line":20,"column":2},"end":{"line":23,"column":32}},"12":{"start":{"line":21,"column":15},"end":{"line":21,"column":25}},"13":{"start":{"line":22,"column":15},"end":{"line":22,"column":18}},"14":{"start":{"line":23,"column":18},"end":{"line":23,"column":31}},"15":{"start":{"line":26,"column":31},"end":{"line":36,"column":1}},"16":{"start":{"line":27,"column":2},"end":{"line":35,"column":45}},"17":{"start":{"line":34,"column":15},"end":{"line":34,"column":25}},"18":{"start":{"line":35,"column":18},"end":{"line":35,"column":44}}},"fnMap":{"0":{"name":"(anonymous_0)","decl":{"start":{"line":5,"column":28},"end":{"line":5,"column":29}},"loc":{"start":{"line":5,"column":34},"end":{"line":10,"column":1}},"line":5},"1":{"name":"(anonymous_1)","decl":{"start":{"line":7,"column":8},"end":{"line":7,"column":9}},"loc":{"start":{"line":7,"column":15},"end":{"line":7,"column":25}},"line":7},"2":{"name":"(anonymous_2)","decl":{"start":{"line":8,"column":8},"end":{"line":8,"column":9}},"loc":{"start":{"line":8,"column":15},"end":{"line":8,"column":18}},"line":8},"3":{"name":"(anonymous_3)","decl":{"start":{"line":9,"column":9},"end":{"line":9,"column":10}},"loc":{"start":{"line":9,"column":18},"end":{"line":9,"column":31}},"line":9},"4":{"name":"(anonymous_4)","decl":{"start":{"line":12,"column":27},"end":{"line":12,"column":28}},"loc":{"start":{"line":12,"column":33},"end":{"line":17,"column":1}},"line":12},"5":{"name":"(anonymous_5)","decl":{"start":{"line":14,"column":8},"end":{"line":14,"column":9}},"loc":{"start":{"line":14,"column":15},"end":{"line":14,"column":25}},"line":14},"6":{"name":"(anonymous_6)","decl":{"start":{"line":15,"column":8},"end":{"line":15,"column":9}},"loc":{"start":{"line":15,"column":15},"end":{"line":15,"column":18}},"line":15},"7":{"name":"(anonymous_7)","decl":{"start":{"line":16,"column":9},"end":{"line":16,"column":10}},"loc":{"start":{"line":16,"column":18},"end":{"line":16,"column":31}},"line":16},"8":{"name":"(anonymous_8)","decl":{"start":{"line":19,"column":30},"end":{"line":19,"column":31}},"loc":{"start":{"line":19,"column":36},"end":{"line":24,"column":1}},"line":19},"9":{"name":"(anonymous_9)","decl":{"start":{"line":21,"column":8},"end":{"line":21,"column":9}},"loc":{"start":{"line":21,"column":15},"end":{"line":21,"column":25}},"line":21},"10":{"name":"(anonymous_10)","decl":{"start":{"line":22,"column":8},"end":{"line":22,"column":9}},"loc":{"start":{"line":22,"column":15},"end":{"line":22,"column":18}},"line":22},"11":{"name":"(anonymous_11)","decl":{"start":{"line":23,"column":9},"end":{"line":23,"column":10}},"loc":{"start":{"line":23,"column":18},"end":{"line":23,"column":31}},"line":23},"12":{"name":"(anonymous_12)","decl":{"start":{"line":26,"column":31},"end":{"line":26,"column":32}},"loc":{"start":{"line":26,"column":37},"end":{"line":36,"column":1}},"line":26},"13":{"name":"(anonymous_13)","decl":{"start":{"line":34,"column":8},"end":{"line":34,"column":9}},"loc":{"start":{"line":34,"column":15},"end":{"line":34,"column":25}},"line":34},"14":{"name":"(anonymous_14)","decl":{"start":{"line":35,"column":9},"end":{"line":35,"column":10}},"loc":{"start":{"line":35,"column":18},"end":{"line":35,"column":44}},"line":35}},"branchMap":{},"s":{"0":1,"1":2,"2":2,"3":2,"4":0,"5":1,"6":2,"7":2,"8":2,"9":0,"10":1,"11":2,"12":2,"13":2,"14":0,"15":1,"16":2,"17":2,"18":0},"f":{"0":2,"1":2,"2":2,"3":0,"4":2,"5":2,"6":2,"7":0,"8":2,"9":2,"10":2,"11":0,"12":2,"13":2,"14":0},"b":{},"_coverageSchema":"43e27e138ebf9cfc5966b082cf9a028302ed4184","hash":"e0beabe4c92eafbbb8cea5804a427a0573a20bfa"}
,"/Users/colbyallen/Turing/mod-4/projects/garden-pi/garden_pi_fe/components/CurrentWeather/index.js": {"path":"/Users/colbyallen/Turing/mod-4/projects/garden-pi/garden_pi_fe/components/CurrentWeather/index.js","statementMap":{"0":{"start":{"line":6,"column":23},"end":{"line":40,"column":3}},"1":{"start":{"line":13,"column":4},"end":{"line":39,"column":5}}},"fnMap":{"0":{"name":"(anonymous_0)","decl":{"start":{"line":6,"column":23},"end":{"line":6,"column":24}},"loc":{"start":{"line":12,"column":8},"end":{"line":40,"column":3}},"line":12}},"branchMap":{},"s":{"0":1,"1":1},"f":{"0":1},"b":{},"_coverageSchema":"43e27e138ebf9cfc5966b082cf9a028302ed4184","hash":"083bbeadd85e3da91855cdefa588f146ea42a85c"}
,"/Users/colbyallen/Turing/mod-4/projects/garden-pi/garden_pi_fe/components/CurrentWeather/styles.js": {"path":"/Users/colbyallen/Turing/mod-4/projects/garden-pi/garden_pi_fe/components/CurrentWeather/styles.js","statementMap":{},"fnMap":{},"branchMap":{},"s":{},"f":{},"b":{},"_coverageSchema":"43e27e138ebf9cfc5966b082cf9a028302ed4184","hash":"bec906400425145f63c0a6742bb4ec091639b659"}
,"/Users/colbyallen/Turing/mod-4/projects/garden-pi/garden_pi_fe/components/DataCircle/Style.js": {"path":"/Users/colbyallen/Turing/mod-4/projects/garden-pi/garden_pi_fe/components/DataCircle/Style.js","statementMap":{},"fnMap":{},"branchMap":{},"s":{},"f":{},"b":{},"_coverageSchema":"43e27e138ebf9cfc5966b082cf9a028302ed4184","hash":"1d97f2e2f444ace396dc85cc38ab1994d16e652a"}
,"/Users/colbyallen/Turing/mod-4/projects/garden-pi/garden_pi_fe/components/DataCircle/index.js": {"path":"/Users/colbyallen/Turing/mod-4/projects/garden-pi/garden_pi_fe/components/DataCircle/index.js","statementMap":{"0":{"start":{"line":6,"column":19},"end":{"line":22,"column":1}},"1":{"start":{"line":7,"column":2},"end":{"line":21,"column":3}}},"fnMap":{"0":{"name":"(anonymous_0)","decl":{"start":{"line":6,"column":19},"end":{"line":6,"column":20}},"loc":{"start":{"line":6,"column":50},"end":{"line":22,"column":1}},"line":6}},"branchMap":{},"s":{"0":1,"1":1},"f":{"0":1},"b":{},"_coverageSchema":"43e27e138ebf9cfc5966b082cf9a028302ed4184","hash":"3d973f2a780f66e8e93a71414d35fab501f480f1"}
,"/Users/colbyallen/Turing/mod-4/projects/garden-pi/garden_pi_fe/components/Header/index.js": {"path":"/Users/colbyallen/Turing/mod-4/projects/garden-pi/garden_pi_fe/components/Header/index.js","statementMap":{"0":{"start":{"line":5,"column":15},"end":{"line":15,"column":1}},"1":{"start":{"line":6,"column":2},"end":{"line":14,"column":9}}},"fnMap":{"0":{"name":"(anonymous_0)","decl":{"start":{"line":5,"column":15},"end":{"line":5,"column":16}},"loc":{"start":{"line":6,"column":2},"end":{"line":14,"column":9}},"line":6}},"branchMap":{},"s":{"0":1,"1":1},"f":{"0":1},"b":{},"_coverageSchema":"43e27e138ebf9cfc5966b082cf9a028302ed4184","hash":"9137d2d00c0ae620cbbe757a6811afa363fc884a"}
,"/Users/colbyallen/Turing/mod-4/projects/garden-pi/garden_pi_fe/components/Header/styles.js": {"path":"/Users/colbyallen/Turing/mod-4/projects/garden-pi/garden_pi_fe/components/Header/styles.js","statementMap":{},"fnMap":{},"branchMap":{},"s":{},"f":{},"b":{},"_coverageSchema":"43e27e138ebf9cfc5966b082cf9a028302ed4184","hash":"f6d2bfc7e72c48ca2c74b9f7f126af4a70aff694"}
,"/Users/colbyallen/Turing/mod-4/projects/garden-pi/garden_pi_fe/components/WeatherBox/index.js": {"path":"/Users/colbyallen/Turing/mod-4/projects/garden-pi/garden_pi_fe/components/WeatherBox/index.js","statementMap":{"0":{"start":{"line":5,"column":19},"end":{"line":18,"column":1}},"1":{"start":{"line":6,"column":2},"end":{"line":17,"column":9}}},"fnMap":{"0":{"name":"(anonymous_0)","decl":{"start":{"line":5,"column":19},"end":{"line":5,"column":20}},"loc":{"start":{"line":6,"column":2},"end":{"line":17,"column":9}},"line":6}},"branchMap":{},"s":{"0":1,"1":1},"f":{"0":1},"b":{},"_coverageSchema":"43e27e138ebf9cfc5966b082cf9a028302ed4184","hash":"5cd78de7142ad4690fbb2c74df1d7e492becaaaa"}
,"/Users/colbyallen/Turing/mod-4/projects/garden-pi/garden_pi_fe/components/WeatherBox/styles.js": {"path":"/Users/colbyallen/Turing/mod-4/projects/garden-pi/garden_pi_fe/components/WeatherBox/styles.js","statementMap":{},"fnMap":{},"branchMap":{},"s":{},"f":{},"b":{},"_coverageSchema":"43e27e138ebf9cfc5966b082cf9a028302ed4184","hash":"3bc69309e793f1d06948bb72d076fd599107086d"}
}
