TN:
SF:/Users/colbyallen/Turing/mod-4/projects/garden-pi/garden_pi_fe/fileMock.js
FNF:0
FNH:0
DA:1,3
LF:1
LH:1
BRF:0
BRH:0
end_of_record
TN:
SF:/Users/colbyallen/Turing/mod-4/projects/garden-pi/garden_pi_fe/Api/ApiCalls.js
FN:5,(anonymous_0)
FN:7,(anonymous_1)
FN:8,(anonymous_2)
FN:9,(anonymous_3)
FN:12,(anonymous_4)
FN:14,(anonymous_5)
FN:15,(anonymous_6)
FN:16,(anonymous_7)
FN:19,(anonymous_8)
FN:21,(anonymous_9)
FN:22,(anonymous_10)
FN:23,(anonymous_11)
FN:26,(anonymous_12)
FN:34,(anonymous_13)
FN:35,(anonymous_14)
FN:38,(anonymous_15)
FN:40,(anonymous_16)
FN:41,(anonymous_17)
FN:42,(anonymous_18)
FN:45,(anonymous_19)
FN:47,(anonymous_20)
FN:48,(anonymous_21)
FNF:22
FNH:16
FNDA:3,(anonymous_0)
FNDA:2,(anonymous_1)
FNDA:2,(anonymous_2)
FNDA:0,(anonymous_3)
FNDA:2,(anonymous_4)
FNDA:2,(anonymous_5)
FNDA:2,(anonymous_6)
FNDA:0,(anonymous_7)
FNDA:2,(anonymous_8)
FNDA:2,(anonymous_9)
FNDA:2,(anonymous_10)
FNDA:0,(anonymous_11)
FNDA:2,(anonymous_12)
FNDA:2,(anonymous_13)
FNDA:0,(anonymous_14)
FNDA:2,(anonymous_15)
FNDA:2,(anonymous_16)
FNDA:2,(anonymous_17)
FNDA:0,(anonymous_18)
FNDA:1,(anonymous_19)
FNDA:1,(anonymous_20)
FNDA:0,(anonymous_21)
DA:5,4
DA:6,3
DA:7,2
DA:8,2
DA:9,0
DA:12,4
DA:13,2
DA:14,2
DA:15,2
DA:16,0
DA:19,4
DA:20,2
DA:21,2
DA:22,2
DA:23,0
DA:26,4
DA:27,2
DA:34,2
DA:35,0
DA:38,4
DA:39,2
DA:40,2
DA:41,2
DA:42,0
DA:45,4
DA:46,1
DA:47,1
DA:48,0
LF:28
LH:22
BRF:0
BRH:0
end_of_record
TN:
SF:/Users/colbyallen/Turing/mod-4/projects/garden-pi/garden_pi_fe/components/index.js
FNF:0
FNH:0
LF:0
LH:0
BRF:0
BRH:0
end_of_record
TN:
SF:/Users/colbyallen/Turing/mod-4/projects/garden-pi/garden_pi_fe/components/CurrentWeather/index.js
FN:6,(anonymous_0)
FNF:1
FNH:1
FNDA:2,(anonymous_0)
DA:6,4
DA:13,2
LF:2
LH:2
BRF:0
BRH:0
end_of_record
TN:
SF:/Users/colbyallen/Turing/mod-4/projects/garden-pi/garden_pi_fe/components/CurrentWeather/styles.js
FNF:0
FNH:0
LF:0
LH:0
BRF:0
BRH:0
end_of_record
TN:
SF:/Users/colbyallen/Turing/mod-4/projects/garden-pi/garden_pi_fe/components/DataCircle/Style.js
FNF:0
FNH:0
LF:0
LH:0
BRF:0
BRH:0
end_of_record
TN:
SF:/Users/colbyallen/Turing/mod-4/projects/garden-pi/garden_pi_fe/components/DataCircle/index.js
FN:6,(anonymous_0)
FNF:1
FNH:1
FNDA:3,(anonymous_0)
DA:6,4
DA:7,3
LF:2
LH:2
BRF:0
BRH:0
end_of_record
TN:
SF:/Users/colbyallen/Turing/mod-4/projects/garden-pi/garden_pi_fe/components/Header/index.js
FN:5,(anonymous_0)
FNF:1
FNH:1
FNDA:4,(anonymous_0)
DA:5,4
DA:6,4
LF:2
LH:2
BRF:0
BRH:0
end_of_record
TN:
SF:/Users/colbyallen/Turing/mod-4/projects/garden-pi/garden_pi_fe/components/Header/styles.js
FNF:0
FNH:0
LF:0
LH:0
BRF:0
BRH:0
end_of_record
TN:
SF:/Users/colbyallen/Turing/mod-4/projects/garden-pi/garden_pi_fe/components/WeatherBox/index.js
FN:5,(anonymous_0)
FNF:1
FNH:1
FNDA:1,(anonymous_0)
DA:5,4
DA:6,1
LF:2
LH:2
BRF:0
BRH:0
end_of_record
TN:
SF:/Users/colbyallen/Turing/mod-4/projects/garden-pi/garden_pi_fe/components/WeatherBox/styles.js
FNF:0
FNH:0
LF:0
LH:0
BRF:0
BRH:0
end_of_record
TN:
SF:/Users/colbyallen/Turing/mod-4/projects/garden-pi/garden_pi_fe/screens/Data/index.js
FN:22,(anonymous_0)
FN:36,(anonymous_1)
FN:42,(anonymous_2)
FN:58,(anonymous_3)
FN:62,(anonymous_4)
FN:66,(anonymous_5)
FN:70,(anonymous_6)
FN:73,(anonymous_7)
FN:87,(anonymous_8)
FN:102,(anonymous_9)
FN:164,(anonymous_10)
FNF:11
FNH:4
FNDA:1,(anonymous_0)
FNDA:1,(anonymous_1)
FNDA:0,(anonymous_2)
FNDA:0,(anonymous_3)
FNDA:0,(anonymous_4)
FNDA:0,(anonymous_5)
FNDA:1,(anonymous_6)
FNDA:0,(anonymous_7)
FNDA:0,(anonymous_8)
FNDA:0,(anonymous_9)
FNDA:9,(anonymous_10)
DA:18,1
DA:23,1
DA:24,1
DA:34,1
DA:37,1
DA:38,1
DA:39,0
DA:40,0
DA:41,0
DA:42,0
DA:43,0
DA:44,0
DA:46,0
DA:47,0
DA:48,0
DA:55,0
DA:58,1
DA:59,0
DA:62,1
DA:63,0
DA:66,1
DA:67,0
DA:71,1
DA:73,1
DA:74,0
DA:75,0
DA:76,0
DA:77,0
DA:87,1
DA:88,0
DA:94,0
DA:101,1
DA:102,0
DA:109,1
DA:164,9
LF:35
LH:15
BRDA:164,0,0,2
BRF:1
BRH:1
end_of_record
TN:
SF:/Users/colbyallen/Turing/mod-4/projects/garden-pi/garden_pi_fe/screens/Data/styles.js
FNF:0
FNH:0
LF:0
LH:0
BRF:0
BRH:0
end_of_record
TN:
SF:/Users/colbyallen/Turing/mod-4/projects/garden-pi/garden_pi_fe/screens/Home/index.js
FN:17,(anonymous_0)
FN:28,(anonymous_1)
FN:33,(anonymous_2)
FN:46,(anonymous_3)
FN:59,(anonymous_4)
FN:66,(anonymous_5)
FN:70,(anonymous_6)
FN:74,(anonymous_7)
FN:76,(anonymous_8)
FN:79,(anonymous_9)
FN:83,(anonymous_10)
FN:85,(anonymous_11)
FN:137,(anonymous_12)
FNF:13
FNH:4
FNDA:1,(anonymous_0)
FNDA:1,(anonymous_1)
FNDA:0,(anonymous_2)
FNDA:0,(anonymous_3)
FNDA:0,(anonymous_4)
FNDA:0,(anonymous_5)
FNDA:0,(anonymous_6)
FNDA:0,(anonymous_7)
FNDA:0,(anonymous_8)
FNDA:1,(anonymous_9)
FNDA:0,(anonymous_10)
FNDA:0,(anonymous_11)
FNDA:9,(anonymous_12)
DA:18,1
DA:19,1
DA:29,1
DA:30,1
DA:31,0
DA:32,0
DA:33,0
DA:34,0
DA:36,0
DA:37,0
DA:46,1
DA:47,0
DA:48,0
DA:49,0
DA:54,0
DA:56,0
DA:59,1
DA:60,0
DA:66,1
DA:67,0
DA:70,1
DA:71,0
DA:74,1
DA:75,0
DA:76,0
DA:80,1
DA:81,1
DA:82,1
DA:83,0
DA:85,0
DA:88,1
DA:137,9
LF:32
LH:14
BRDA:137,0,0,2
BRF:1
BRH:1
end_of_record
TN:
SF:/Users/colbyallen/Turing/mod-4/projects/garden-pi/garden_pi_fe/screens/Home/styles.js
FNF:0
FNH:0
LF:0
LH:0
BRF:0
BRH:0
end_of_record
TN:
SF:/Users/colbyallen/Turing/mod-4/projects/garden-pi/garden_pi_fe/screens/PhotoClicker/index.js
FN:15,(anonymous_0)
FN:20,(anonymous_1)
FN:28,(anonymous_2)
FN:33,(anonymous_3)
FN:37,(anonymous_4)
FN:41,(anonymous_5)
FN:80,(anonymous_6)
FN:95,(anonymous_7)
FNF:8
FNH:0
FNDA:0,(anonymous_0)
FNDA:0,(anonymous_1)
FNDA:0,(anonymous_2)
FNDA:0,(anonymous_3)
FNDA:0,(anonymous_4)
FNDA:0,(anonymous_5)
FNDA:0,(anonymous_6)
FNDA:0,(anonymous_7)
DA:8,0
DA:16,0
DA:17,0
DA:20,0
DA:21,0
DA:22,0
DA:23,0
DA:24,0
DA:28,0
DA:29,0
DA:30,0
DA:33,0
DA:34,0
DA:37,0
DA:38,0
DA:42,0
DA:43,0
DA:44,0
DA:45,0
DA:46,0
DA:47,0
DA:48,0
DA:77,0
DA:81,0
DA:96,0
LF:25
LH:0
BRDA:21,0,0,0
BRDA:21,0,1,0
BRDA:43,1,0,0
BRDA:43,1,1,0
BRDA:45,2,0,0
BRDA:45,2,1,0
BRDA:47,3,0,0
BRDA:47,3,1,0
BRDA:98,4,0,0
BRDA:98,4,1,0
BRF:10
BRH:0
end_of_record
TN:
SF:/Users/colbyallen/Turing/mod-4/projects/garden-pi/garden_pi_fe/screens/PhotoClicker/styles.js
FNF:0
FNH:0
LF:0
LH:0
BRF:0
BRH:0
end_of_record
TN:
SF:/Users/colbyallen/Turing/mod-4/projects/garden-pi/garden_pi_fe/screens/PhotoPicker/index.js
FN:13,(anonymous_0)
FN:17,(anonymous_1)
FN:26,(anonymous_2)
FN:39,(anonymous_3)
FNF:4
FNH:3
FNDA:1,(anonymous_0)
FNDA:1,(anonymous_1)
FNDA:0,(anonymous_2)
FNDA:1,(anonymous_3)
DA:8,1
DA:14,1
DA:17,1
DA:18,1
DA:19,0
DA:20,0
DA:21,0
DA:26,1
DA:27,0
DA:33,0
DA:35,0
DA:36,0
DA:40,1
DA:42,1
LF:14
LH:7
BRDA:18,0,0,0
BRDA:18,0,1,0
BRDA:20,1,0,0
BRDA:20,1,1,0
BRDA:35,2,0,0
BRDA:35,2,1,0
BRDA:48,3,0,1
BRDA:48,3,1,0
BRF:8
BRH:1
end_of_record
TN:
SF:/Users/colbyallen/Turing/mod-4/projects/garden-pi/garden_pi_fe/screens/Splash/index.js
FN:22,(anonymous_0)
FN:28,(anonymous_1)
FN:30,(anonymous_2)
FN:32,(anonymous_3)
FN:34,(anonymous_4)
FN:37,(anonymous_5)
FN:39,(anonymous_6)
FN:43,(anonymous_7)
FN:50,(anonymous_8)
FNF:9
FNH:3
FNDA:1,(anonymous_0)
FNDA:1,(anonymous_1)
FNDA:0,(anonymous_2)
FNDA:0,(anonymous_3)
FNDA:0,(anonymous_4)
FNDA:0,(anonymous_5)
FNDA:0,(anonymous_6)
FNDA:0,(anonymous_7)
FNDA:1,(anonymous_8)
DA:15,1
DA:23,1
DA:24,0
DA:25,0
DA:26,0
DA:28,1
DA:29,1
DA:30,0
DA:32,1
DA:33,0
DA:34,0
DA:37,1
DA:38,0
DA:39,0
DA:43,1
DA:44,0
DA:51,1
LF:17
LH:8
BRDA:60,0,0,1
BRDA:60,0,1,1
BRDA:69,1,0,1
BRDA:69,1,1,0
BRF:4
BRH:3
end_of_record
TN:
SF:/Users/colbyallen/Turing/mod-4/projects/garden-pi/garden_pi_fe/screens/Splash/styles.js
FNF:0
FNH:0
LF:0
LH:0
BRF:0
BRH:0
end_of_record
TN:
SF:/Users/colbyallen/Turing/mod-4/projects/garden-pi/garden_pi_fe/utilities/DataCalculator.js
FN:3,(anonymous_0)
FN:4,(anonymous_1)
FNF:2
FNH:0
FNDA:0,(anonymous_0)
FNDA:0,(anonymous_1)
DA:3,2
DA:4,0
DA:5,0
DA:6,0
DA:7,0
DA:8,0
DA:14,0
DA:16,0
DA:17,0
DA:18,0
DA:19,0
LF:11
LH:1
BRF:0
BRH:0
end_of_record
TN:
SF:/Users/colbyallen/Turing/mod-4/projects/garden-pi/garden_pi_fe/utilities/TimeCalculator.js
FN:1,(anonymous_0)
FN:5,(anonymous_1)
FN:10,(anonymous_2)
FN:22,(anonymous_3)
FN:25,(anonymous_4)
FNF:5
FNH:3
FNDA:1,(anonymous_0)
FNDA:1,(anonymous_1)
FNDA:1,(anonymous_2)
FNDA:0,(anonymous_3)
FNDA:0,(anonymous_4)
DA:1,2
DA:2,1
DA:3,1
DA:4,1
DA:5,1
DA:6,1
DA:10,1
DA:11,1
DA:12,0
DA:14,1
DA:17,1
DA:22,2
DA:23,0
DA:24,0
DA:25,0
DA:26,0
DA:28,0
DA:30,0
DA:32,0
DA:34,0
DA:36,0
DA:38,0
DA:40,0
DA:43,0
LF:24
LH:11
BRDA:6,0,0,0
BRDA:6,0,1,1
BRDA:11,1,0,0
BRDA:11,1,1,1
BRDA:26,2,0,0
BRDA:26,2,1,0
BRDA:26,2,2,0
BRDA:26,2,3,0
BRDA:26,2,4,0
BRDA:26,2,5,0
BRDA:26,2,6,0
BRF:11
BRH:2
end_of_record
TN:
SF:/Users/colbyallen/Turing/mod-4/projects/garden-pi/garden_pi_fe/utilities/index.js
FNF:0
FNH:0
LF:0
LH:0
BRF:0
BRH:0
end_of_record
TN:
SF:/Users/colbyallen/Turing/mod-4/projects/garden-pi/garden_pi_fe/utilities/weatherIcon.js
FN:4,(anonymous_0)
FNF:1
FNH:1
FNDA:1,(anonymous_0)
DA:4,2
DA:5,1
DA:7,0
DA:12,0
DA:17,0
DA:22,0
DA:27,0
DA:32,0
DA:37,0
DA:42,0
DA:47,0
DA:52,1
DA:59,2
LF:13
LH:4
BRDA:5,0,0,0
BRDA:5,0,1,0
BRDA:5,0,2,0
BRDA:5,0,3,0
BRDA:5,0,4,0
BRDA:5,0,5,0
BRDA:5,0,6,0
BRDA:5,0,7,0
BRDA:5,0,8,0
BRDA:5,0,9,1
BRF:10
BRH:1
end_of_record
