TN:
SF:/Users/colbyallen/Turing/mod-4/projects/garden-pi/garden_pi_fe/Api/ApiCalls.js
FN:5,(anonymous_0)
FN:7,(anonymous_1)
FN:8,(anonymous_2)
FN:9,(anonymous_3)
FN:12,(anonymous_4)
FN:14,(anonymous_5)
FN:15,(anonymous_6)
FN:16,(anonymous_7)
FN:19,(anonymous_8)
FN:21,(anonymous_9)
FN:22,(anonymous_10)
FN:23,(anonymous_11)
FN:26,(anonymous_12)
FN:34,(anonymous_13)
FN:35,(anonymous_14)
FNF:15
FNH:11
FNDA:2,(anonymous_0)
FNDA:2,(anonymous_1)
FNDA:2,(anonymous_2)
FNDA:0,(anonymous_3)
FNDA:2,(anonymous_4)
FNDA:2,(anonymous_5)
FNDA:2,(anonymous_6)
FNDA:0,(anonymous_7)
FNDA:2,(anonymous_8)
FNDA:2,(anonymous_9)
FNDA:2,(anonymous_10)
FNDA:0,(anonymous_11)
FNDA:2,(anonymous_12)
FNDA:2,(anonymous_13)
FNDA:0,(anonymous_14)
DA:5,1
DA:6,2
DA:7,2
DA:8,2
DA:9,0
DA:12,1
DA:13,2
DA:14,2
DA:15,2
DA:16,0
DA:19,1
DA:20,2
DA:21,2
DA:22,2
DA:23,0
DA:26,1
DA:27,2
DA:34,2
DA:35,0
LF:19
LH:15
BRF:0
BRH:0
end_of_record
TN:
SF:/Users/colbyallen/Turing/mod-4/projects/garden-pi/garden_pi_fe/components/CurrentWeather/index.js
FN:6,(anonymous_0)
FNF:1
FNH:1
FNDA:1,(anonymous_0)
DA:6,1
DA:13,1
LF:2
LH:2
BRF:0
BRH:0
end_of_record
TN:
SF:/Users/colbyallen/Turing/mod-4/projects/garden-pi/garden_pi_fe/components/CurrentWeather/styles.js
FNF:0
FNH:0
LF:0
LH:0
BRF:0
BRH:0
end_of_record
TN:
SF:/Users/colbyallen/Turing/mod-4/projects/garden-pi/garden_pi_fe/components/DataCircle/Style.js
FNF:0
FNH:0
LF:0
LH:0
BRF:0
BRH:0
end_of_record
TN:
SF:/Users/colbyallen/Turing/mod-4/projects/garden-pi/garden_pi_fe/components/DataCircle/index.js
FN:6,(anonymous_0)
FNF:1
FNH:1
FNDA:1,(anonymous_0)
DA:6,1
DA:7,1
LF:2
LH:2
BRF:0
BRH:0
end_of_record
TN:
SF:/Users/colbyallen/Turing/mod-4/projects/garden-pi/garden_pi_fe/components/Header/index.js
FN:5,(anonymous_0)
FNF:1
FNH:1
FNDA:1,(anonymous_0)
DA:5,1
DA:6,1
LF:2
LH:2
BRF:0
BRH:0
end_of_record
TN:
SF:/Users/colbyallen/Turing/mod-4/projects/garden-pi/garden_pi_fe/components/Header/styles.js
FNF:0
FNH:0
LF:0
LH:0
BRF:0
BRH:0
end_of_record
TN:
SF:/Users/colbyallen/Turing/mod-4/projects/garden-pi/garden_pi_fe/components/WeatherBox/index.js
FN:5,(anonymous_0)
FNF:1
FNH:1
FNDA:1,(anonymous_0)
DA:5,1
DA:6,1
LF:2
LH:2
BRF:0
BRH:0
end_of_record
TN:
SF:/Users/colbyallen/Turing/mod-4/projects/garden-pi/garden_pi_fe/components/WeatherBox/styles.js
FNF:0
FNH:0
LF:0
LH:0
BRF:0
BRH:0
end_of_record
